<?xml version="1.0" encoding="UTF-8"?>
<testng-results skipped="0" failed="0" total="1" passed="1">
  <reporter-output>
  </reporter-output>
  <suite name="Default suite" duration-ms="111863" started-at="2019-09-22T11:02:08Z" finished-at="2019-09-22T11:04:00Z">
    <groups>
    </groups>
    <test name="Default test" duration-ms="111863" started-at="2019-09-22T11:02:08Z" finished-at="2019-09-22T11:04:00Z">
      <class name="TestCases.SigninTests">
        <test-method status="PASS" signature="test_verify_login_with_invalid_credentials()[pri:0, instance:TestCases.SigninTests@724af044]" name="test_verify_login_with_invalid_credentials" duration-ms="111823" started-at="2019-09-22T16:32:08Z" finished-at="2019-09-22T16:34:00Z">
          <reporter-output>
          </reporter-output>
        </test-method> <!-- test_verify_login_with_invalid_credentials -->
      </class> <!-- TestCases.SigninTests -->
    </test> <!-- Default test -->
  </suite> <!-- Default suite -->
</testng-results>
